<?xml version="1.0" encoding="UTF-8" ?>
<testsuite tests="1" failures="0" name="autosdbinterface.AppTest" time="0.001" errors="0" skipped="0">
  <properties>
    <property name="java.runtime.name" value="Java(TM) SE Runtime Environment"/>
    <property name="java.vm.version" value="15.0.1+9-18"/>
    <property name="sun.boot.library.path" value="E:\Program Files - Coding\Java\jdk-15.0.1\bin"/>
    <property name="maven.multiModuleProjectDirectory" value="F:\Dropbox\Boxifier\school\covidCounties"/>
    <property name="java.vm.vendor" value="Oracle Corporation"/>
    <property name="java.vendor.url" value="https://java.oracle.com/"/>
    <property name="guice.disable.misplaced.annotation.check" value="true"/>
    <property name="path.separator" value=";"/>
    <property name="java.vm.name" value="Java HotSpot(TM) 64-Bit Server VM"/>
    <property name="sun.os.patch.level" value=""/>
    <property name="user.script" value=""/>
    <property name="user.country" value="US"/>
    <property name="sun.java.launcher" value="SUN_STANDARD"/>
    <property name="java.vm.specification.name" value="Java Virtual Machine Specification"/>
    <property name="user.dir" value="F:\Dropbox\Boxifier\school\covidCounties"/>
    <property name="java.vm.compressedOopsMode" value="Zero based"/>
    <property name="java.runtime.version" value="15.0.1+9-18"/>
    <property name="os.arch" value="amd64"/>
    <property name="java.io.tmpdir" value="C:\Users\Jordan\AppData\Local\Temp\"/>
    <property name="line.separator" value="
"/>
    <property name="java.vm.specification.vendor" value="Oracle Corporation"/>
    <property name="user.variant" value=""/>
    <property name="os.name" value="Windows 10"/>
    <property name="classworlds.conf" value="T:\downloads\installations\programming\java\apache-maven-3.6.3-bin\apache-maven-3.6.3\bin\..\bin\m2.conf"/>
    <property name="sun.jnu.encoding" value="Cp1252"/>
    <property name="java.library.path" value="E:\Program Files - Coding\Java\jdk-15.0.1\bin;C:\WINDOWS\Sun\Java\bin;C:\WINDOWS\system32;C:\WINDOWS;C:\Python39\Scripts\;C:\Python39\;E:\Program Files - Coding\Python\38-64\Scripts\;E:\Program Files - Coding\Python\38-64\;C:\Program Files\NVIDIA GPU Computing Toolkit\CUDA\v10.2\bin;C:\Program Files\NVIDIA GPU Computing Toolkit\CUDA\v10.2\libnvvp;C:\Program Files\NVIDIA GPU Computing Toolkit\CUDA\v10.0\bin;C:\Program Files\NVIDIA GPU Computing Toolkit\CUDA\v10.0\libnvvp;C:\Windows\system32;C:\Windows;C:\Windows\System32\Wbem;C:\Windows\System32\WindowsPowerShell\v1.0\;C:\Windows\System32\OpenSSH\;C:\Program Files\NVIDIA Corporation\NVIDIA NvDLISR;C:\Program Files (x86)\NVIDIA Corporation\PhysX\Common;C:\Program Files\Microsoft VS Code\bin;E:\Program Files - Coding\Microsoft VS Code\bin;C:\Program Files (x86)\GtkSharp\2.12\bin;C:\Program Files\Microsoft SQL Server\130\Tools\Binn\;C:\Program Files\dotnet\;C:\Program Files\NVIDIA Corporation\Nsight Compute 2019.5.0\;E:\Program Files - Coding\Git\cmd;C:\ProgramData\chocolatey\bin;C:\WINDOWS\system32;C:\WINDOWS;C:\WINDOWS\System32\Wbem;C:\WINDOWS\System32\WindowsPowerShell\v1.0\;C:\WINDOWS\System32\OpenSSH\;C:\Program Files\Wolfram Research\WolframScript\;C:\Program Files\MiKTeX\miktex\bin\x64\;C:\Program Files\nodejs\;C:\Program Files\Microsoft SQL Server\Client SDK\ODBC\170\Tools\Binn\;E:\Program Files - Coding\Java\jdk-15.0.1\bin;E:\Program Files - Coding\Python\38-64\Scripts\;E:\Program Files - Coding\Python\38-64\;E:\Program Files - Coding\Python\36-64\Scripts\;E:\Program Files - Coding\Python\36-64\;C:\Users\Jordan\AppData\Local\Microsoft\WindowsApps;E:\Program Files - Coding\Microsoft VS Code\bin;E:\MinGW64\mingw64\bin;E:\Program Files - Coding\mingw-w64\i686-8.1.0-posix-dwarf-rt_v6-rev0\mingw32\bin;E:\Program Files - Coding\Microsoft Visual Studio\2017\Community\VC\Tools\MSVC\14.16.27023\include;T:\downloads\installations\programming\python\cudnn-10.2-windows10-x64-v7.6.5.32\cuda\bin;T:\downloads\installations\programming\python\cudnn-10.2-windows10-x64-v7.6.5.32\cuda\include;T:\downloads\installations\programming\python\cudnn-10.2-windows10-x64-v7.6.5.32\cuda\lib\x64;C:\Program Files\NVIDIA GPU Computing Toolkit\CUDA;C:\Users\Jordan\AppData\Local\GitHubDesktop\bin;C:\Program Files (x86)\FAHClient;T:\downloads\installations\programming\audiocodecs\ffmpeg-20200501-39fb1e9-win64-static\bin;T:\downloads\installations\programming\java\apache-maven-3.6.3-bin\apache-maven-3.6.3\bin;C:\Users\Jordan\AppData\Local\Microsoft\WindowsApps;T:\downloads\installations\drivers\audio\DevCon\amd64;T:\downloads\installations\programming\opensim\opensim-0.9.1.1\bin;E:\Program Files - Coding\SecondLifeViewer;C:\Users\Jordan\AppData\Roaming\npm;C:\Users\Jordan\.dotnet\tools;E:\Program Files - Coding\PostgreSQL\13\bin;E:\Program Files - Coding\Java\jdk-15.0.1;T:\downloads\installations\programming\java\apache-maven-3.6.3-bin\apache-maven-3.6.3\bin;;."/>
    <property name="maven.conf" value="T:\downloads\installations\programming\java\apache-maven-3.6.3-bin\apache-maven-3.6.3\bin\../conf"/>
    <property name="jdk.debug" value="release"/>
    <property name="java.class.version" value="59.0"/>
    <property name="java.specification.name" value="Java Platform API Specification"/>
    <property name="sun.management.compiler" value="HotSpot 64-Bit Tiered Compilers"/>
    <property name="os.version" value="10.0"/>
    <property name="library.jansi.path" value="T:\downloads\installations\programming\java\apache-maven-3.6.3-bin\apache-maven-3.6.3\bin\..\lib\jansi-native"/>
    <property name="user.home" value="C:\Users\Jordan"/>
    <property name="user.timezone" value="America/New_York"/>
    <property name="file.encoding" value="Cp1252"/>
    <property name="java.specification.version" value="15"/>
    <property name="user.name" value="Jordan"/>
    <property name="java.class.path" value="T:\downloads\installations\programming\java\apache-maven-3.6.3-bin\apache-maven-3.6.3\bin\..\boot\plexus-classworlds-2.6.0.jar"/>
    <property name="java.vm.specification.version" value="15"/>
    <property name="sun.arch.data.model" value="64"/>
    <property name="sun.java.command" value="org.codehaus.plexus.classworlds.launcher.Launcher package"/>
    <property name="java.home" value="E:\Program Files - Coding\Java\jdk-15.0.1"/>
    <property name="user.language" value="en"/>
    <property name="java.specification.vendor" value="Oracle Corporation"/>
    <property name="java.vm.info" value="mixed mode, sharing"/>
    <property name="java.version" value="15.0.1"/>
    <property name="java.vendor" value="Oracle Corporation"/>
    <property name="sun.stderr.encoding" value="cp437"/>
    <property name="maven.home" value="T:\downloads\installations\programming\java\apache-maven-3.6.3-bin\apache-maven-3.6.3\bin\.."/>
    <property name="file.separator" value="\"/>
    <property name="java.version.date" value="2020-10-20"/>
    <property name="java.vendor.url.bug" value="https://bugreport.java.com/bugreport/"/>
    <property name="sun.io.unicode.encoding" value="UnicodeLittle"/>
    <property name="sun.cpu.endian" value="little"/>
    <property name="sun.stdout.encoding" value="cp437"/>
    <property name="sun.cpu.isalist" value="amd64"/>
  </properties>
  <testcase classname="autosdbinterface.AppTest" name="shouldAnswerWithTrue" time="0.001"/>
</testsuite>